C:\Program Files\Microsoft Visual Studio\2022\Enterprise\MSBuild\Microsoft\VC\v170\Microsoft.CppBuild.targets(1123,5): warning MSB4211: Die Eigenschaft "GetTargetPathDependsOn" wird zum ersten Mal auf einen Wert festgelegt, doch dieser wurde bereits in "C:\Program Files\Microsoft Visual Studio\2022\Enterprise\MSBuild\Current\Bin\amd64\Microsoft.Common.CurrentVersion.targets (2232,5)" verwendet.
  Debugger.cpp
  LD_NameValue.cpp
  LuaAPI.cpp
  LuaDebug.cpp
  LuaDebugHelper.cpp
C:\Users\Dominik\Documents\GitHub\PW-Cliente-Source-153\Common\LuaWrapper\LuaDebugHelper.cpp(51,3): warning C4477: "_snwprintf": Die Formatzeichenfolge "%s" erfordert ein Argument vom Typ "wchar_t *", das variadic-Argument "1" weist aber den Typ "AWString" auf.
C:\Users\Dominik\Documents\GitHub\PW-Cliente-Source-153\Common\LuaWrapper\LuaDebugHelper.cpp(52,3): warning C4477: "_snwprintf": Die Formatzeichenfolge "%s" erfordert ein Argument vom Typ "wchar_t *", das variadic-Argument "1" weist aber den Typ "AWString" auf.
C:\Users\Dominik\Documents\GitHub\PW-Cliente-Source-153\Common\LuaWrapper\LuaDebugHelper.cpp(63,4): warning C4477: "_snwprintf": Die Formatzeichenfolge "%s" erfordert ein Argument vom Typ "wchar_t *", das variadic-Argument "1" weist aber den Typ "AWString" auf.
C:\Users\Dominik\Documents\GitHub\PW-Cliente-Source-153\Common\LuaWrapper\LuaDebugHelper.cpp(64,4): warning C4477: "_snwprintf": Die Formatzeichenfolge "%s" erfordert ein Argument vom Typ "wchar_t *", das variadic-Argument "1" weist aber den Typ "AWString" auf.
C:\Users\Dominik\Documents\GitHub\PW-Cliente-Source-153\Common\LuaWrapper\LuaDebugHelper.cpp(83,2): warning C4477: "_snwprintf": Die Formatzeichenfolge "%s" erfordert ein Argument vom Typ "wchar_t *", das variadic-Argument "1" weist aber den Typ "AWString" auf.
C:\Users\Dominik\Documents\GitHub\PW-Cliente-Source-153\Common\LuaWrapper\LuaDebugHelper.cpp(84,2): warning C4477: "_snwprintf": Die Formatzeichenfolge "%s" erfordert ein Argument vom Typ "wchar_t *", das variadic-Argument "1" weist aber den Typ "AWString" auf.
C:\Users\Dominik\Documents\GitHub\PW-Cliente-Source-153\Common\LuaWrapper\LuaDebugHelper.cpp(87,2): warning C4477: "_snwprintf": Die Formatzeichenfolge "%s" erfordert ein Argument vom Typ "wchar_t *", das variadic-Argument "1" weist aber den Typ "AWString" auf.
C:\Users\Dominik\Documents\GitHub\PW-Cliente-Source-153\Common\LuaWrapper\LuaDebugHelper.cpp(133,2): warning C4477: "_snwprintf": Die Formatzeichenfolge "%s" erfordert ein Argument vom Typ "wchar_t *", das variadic-Argument "1" weist aber den Typ "AWString" auf.
C:\Users\Dominik\Documents\GitHub\PW-Cliente-Source-153\Common\LuaWrapper\LuaDebugHelper.cpp(239,6): warning C4477: "_snwprintf": Die Formatzeichenfolge "%s" erfordert ein Argument vom Typ "wchar_t *", das variadic-Argument "1" weist aber den Typ "AWString" auf.
C:\Users\Dominik\Documents\GitHub\PW-Cliente-Source-153\Common\LuaWrapper\LuaDebugHelper.cpp(240,6): warning C4477: "_snwprintf": Die Formatzeichenfolge "%s" erfordert ein Argument vom Typ "wchar_t *", das variadic-Argument "1" weist aber den Typ "AWString" auf.
C:\Users\Dominik\Documents\GitHub\PW-Cliente-Source-153\Common\LuaWrapper\LuaDebugHelper.cpp(241,6): warning C4477: "_snwprintf": Die Formatzeichenfolge "%s" erfordert ein Argument vom Typ "wchar_t *", das variadic-Argument "1" weist aber den Typ "AWString" auf.
C:\Users\Dominik\Documents\GitHub\PW-Cliente-Source-153\Common\LuaWrapper\LuaDebugHelper.cpp(242,6): warning C4477: "_snwprintf": Die Formatzeichenfolge "%s" erfordert ein Argument vom Typ "wchar_t *", das variadic-Argument "1" weist aber den Typ "AWString" auf.
C:\Users\Dominik\Documents\GitHub\PW-Cliente-Source-153\Common\LuaWrapper\LuaDebugHelper.cpp(275,5): warning C4477: "_snwprintf": Die Formatzeichenfolge "%s" erfordert ein Argument vom Typ "wchar_t *", das variadic-Argument "1" weist aber den Typ "AWString" auf.
C:\Users\Dominik\Documents\GitHub\PW-Cliente-Source-153\Common\LuaWrapper\LuaDebugHelper.cpp(276,5): warning C4477: "_snwprintf": Die Formatzeichenfolge "%s" erfordert ein Argument vom Typ "wchar_t *", das variadic-Argument "1" weist aber den Typ "AWString" auf.
C:\Users\Dominik\Documents\GitHub\PW-Cliente-Source-153\Common\LuaWrapper\LuaDebugHelper.cpp(277,5): warning C4477: "_snwprintf": Die Formatzeichenfolge "%s" erfordert ein Argument vom Typ "wchar_t *", das variadic-Argument "1" weist aber den Typ "AWString" auf.
C:\Users\Dominik\Documents\GitHub\PW-Cliente-Source-153\Common\LuaWrapper\LuaDebugHelper.cpp(278,5): warning C4477: "_snwprintf": Die Formatzeichenfolge "%s" erfordert ein Argument vom Typ "wchar_t *", das variadic-Argument "1" weist aber den Typ "AWString" auf.
C:\Users\Dominik\Documents\GitHub\PW-Cliente-Source-153\Common\LuaWrapper\LuaDebugHelper.cpp(368,4): warning C4477: "_snwprintf": Die Formatzeichenfolge "%s" erfordert ein Argument vom Typ "wchar_t *", das variadic-Argument "1" weist aber den Typ "AWString" auf.
C:\Users\Dominik\Documents\GitHub\PW-Cliente-Source-153\Common\LuaWrapper\LuaDebugHelper.cpp(369,4): warning C4477: "_snwprintf": Die Formatzeichenfolge "%s" erfordert ein Argument vom Typ "wchar_t *", das variadic-Argument "1" weist aber den Typ "AWString" auf.
C:\Users\Dominik\Documents\GitHub\PW-Cliente-Source-153\Common\LuaWrapper\LuaDebugHelper.cpp(370,4): warning C4477: "_snwprintf": Die Formatzeichenfolge "%s" erfordert ein Argument vom Typ "wchar_t *", das variadic-Argument "1" weist aber den Typ "AWString" auf.
C:\Users\Dominik\Documents\GitHub\PW-Cliente-Source-153\Common\LuaWrapper\LuaDebugHelper.cpp(417,3): warning C4477: "_snwprintf": Die Formatzeichenfolge "%s" erfordert ein Argument vom Typ "wchar_t *", das variadic-Argument "1" weist aber den Typ "AWString" auf.
C:\Users\Dominik\Documents\GitHub\PW-Cliente-Source-153\Common\LuaWrapper\LuaDebugHelper.cpp(422,3): warning C4477: "_snwprintf": Die Formatzeichenfolge "%s" erfordert ein Argument vom Typ "wchar_t *", das variadic-Argument "1" weist aber den Typ "AWString" auf.
C:\Users\Dominik\Documents\GitHub\PW-Cliente-Source-153\Common\LuaWrapper\LuaDebugHelper.cpp(424,3): warning C4477: "_snwprintf": Die Formatzeichenfolge "%s" erfordert ein Argument vom Typ "wchar_t *", das variadic-Argument "1" weist aber den Typ "AWString" auf.
C:\Users\Dominik\Documents\GitHub\PW-Cliente-Source-153\Common\LuaWrapper\LuaDebugHelper.cpp(458,5): warning C4477: "_snwprintf": Die Formatzeichenfolge "%s" erfordert ein Argument vom Typ "wchar_t *", das variadic-Argument "1" weist aber den Typ "AWString" auf.
C:\Users\Dominik\Documents\GitHub\PW-Cliente-Source-153\Common\LuaWrapper\LuaDebugHelper.cpp(466,6): warning C4477: "_snwprintf": Die Formatzeichenfolge "%s" erfordert ein Argument vom Typ "wchar_t *", das variadic-Argument "1" weist aber den Typ "AWString" auf.
C:\Users\Dominik\Documents\GitHub\PW-Cliente-Source-153\Common\LuaWrapper\LuaDebugHelper.cpp(476,4): warning C4477: "_snwprintf": Die Formatzeichenfolge "%s" erfordert ein Argument vom Typ "wchar_t *", das variadic-Argument "1" weist aber den Typ "AWString" auf.
  LuaDebugIPC.cpp
  LuaDebugMsg.cpp
  LuaMemTbl.cpp
  LuaScript.cpp
  LuaState.cpp
  LuaUtil.cpp
  ScriptValue.cpp
  Code wird generiert...
C:\Program Files\Microsoft Visual Studio\2022\Enterprise\MSBuild\Microsoft\VC\v170\Microsoft.CppBuild.targets(1554,5): warning MSB8012: TargetPath(C:\Users\Dominik\Documents\GitHub\PW-Cliente-Source-153\Common\LuaWrapper\Win32\2.2\Unicode Release\LuaWrapper.lib) entspricht nicht dem OutputFile-Eigenschaftswert (C:\Users\Dominik\Documents\GitHub\PW-Cliente-Source-153\Common\LuaWrapper\Win32\2.2\Unicode Release\LuaWrapper_u.lib) von Library. Das Projekt wird daher möglicherweise nicht ordnungsgemäß erstellt. Damit dieses Problem behoben werden kann, müssen die Eigenschaftswerte für $(OutDir), $(TargetName) und $(TargetExt) dem in %(Lib.OutputFile) angegebenen Wert entsprechen.
C:\Program Files\Microsoft Visual Studio\2022\Enterprise\MSBuild\Microsoft\VC\v170\Microsoft.CppBuild.targets(1556,5): warning MSB8012: TargetName(LuaWrapper) entspricht nicht dem OutputFile-Eigenschaftswert (LuaWrapper_u) von Library. Das Projekt wird daher möglicherweise nicht ordnungsgemäß erstellt. Damit dieses Problem behoben werden kann, müssen die Eigenschaftswerte für $(OutDir), $(TargetName) und $(TargetExt) dem in %(Lib.OutputFile) angegebenen Wert entsprechen.
  LuaWrapper.vcxproj -> C:\Users\Dominik\Documents\GitHub\PW-Cliente-Source-153\Common\LuaWrapper\Win32\2.2\Unicode Release\LuaWrapper.lib
  Datei LuaWrapper.lib nicht gefunden
  0 Datei(en) kopiert
  1 Datei(en) kopiert
  1 Datei(en) kopiert
  1 Datei(en) kopiert
  1 Datei(en) kopiert
  1 Datei(en) kopiert
  1 Datei(en) kopiert
