c:\users\dominik\documents\github\pw-cliente-source-153\common\gfxcommon\release\a3dareaemitter.obj
c:\users\dominik\documents\github\pw-cliente-source-153\common\gfxcommon\release\a3dboxemitter.obj
c:\users\dominik\documents\github\pw-cliente-source-153\common\gfxcommon\release\a3dcombactman.obj
c:\users\dominik\documents\github\pw-cliente-source-153\common\gfxcommon\release\a3dcombinedaction.obj
c:\users\dominik\documents\github\pw-cliente-source-153\common\gfxcommon\release\a3dcurveemitter.obj
c:\users\dominik\documents\github\pw-cliente-source-153\common\gfxcommon\release\a3dcylinderemitter.obj
c:\users\dominik\documents\github\pw-cliente-source-153\common\gfxcommon\release\a3ddecalex.obj
c:\users\dominik\documents\github\pw-cliente-source-153\common\gfxcommon\release\a3dellipsoidemitter.obj
c:\users\dominik\documents\github\pw-cliente-source-153\common\gfxcommon\release\a3dgfxanimable.obj
c:\users\dominik\documents\github\pw-cliente-source-153\common\gfxcommon\release\a3dgfxcontainer.obj
c:\users\dominik\documents\github\pw-cliente-source-153\common\gfxcommon\release\a3dgfxecmloader.obj
c:\users\dominik\documents\github\pw-cliente-source-153\common\gfxcommon\release\a3dgfxecmodel.obj
c:\users\dominik\documents\github\pw-cliente-source-153\common\gfxcommon\release\a3dgfxeditorinterface.obj
c:\users\dominik\documents\github\pw-cliente-source-153\common\gfxcommon\release\a3dgfxelement.obj
c:\users\dominik\documents\github\pw-cliente-source-153\common\gfxcommon\release\a3dgfxex.obj
c:\users\dominik\documents\github\pw-cliente-source-153\common\gfxcommon\release\a3dgfxexman.obj
c:\users\dominik\documents\github\pw-cliente-source-153\common\gfxcommon\release\a3dgfxfloatvaluetrans.obj
c:\users\dominik\documents\github\pw-cliente-source-153\common\gfxcommon\release\a3dgfxfuncs.obj
c:\users\dominik\documents\github\pw-cliente-source-153\common\gfxcommon\release\a3dgfxgridanimation.obj
c:\users\dominik\documents\github\pw-cliente-source-153\common\gfxcommon\release\a3dgfxinterface.obj
c:\users\dominik\documents\github\pw-cliente-source-153\common\gfxcommon\release\a3dgfxkeypoint.obj
c:\users\dominik\documents\github\pw-cliente-source-153\common\gfxcommon\release\a3dgfxlight.obj
c:\users\dominik\documents\github\pw-cliente-source-153\common\gfxcommon\release\a3dgfxlightning.obj
c:\users\dominik\documents\github\pw-cliente-source-153\common\gfxcommon\release\a3dgfxlightningex.obj
c:\users\dominik\documents\github\pw-cliente-source-153\common\gfxcommon\release\a3dgfxmodel.obj
c:\users\dominik\documents\github\pw-cliente-source-153\common\gfxcommon\release\a3dgfxmodelman.obj
c:\users\dominik\documents\github\pw-cliente-source-153\common\gfxcommon\release\a3dgfxphysdataman.obj
c:\users\dominik\documents\github\pw-cliente-source-153\common\gfxcommon\release\a3dgfxpifuncs.obj
c:\users\dominik\documents\github\pw-cliente-source-153\common\gfxcommon\release\a3dgfxrenderslot.obj
c:\users\dominik\documents\github\pw-cliente-source-153\common\gfxcommon\release\a3dgfxring.obj
c:\users\dominik\documents\github\pw-cliente-source-153\common\gfxcommon\release\a3dgfxshakecamera.obj
c:\users\dominik\documents\github\pw-cliente-source-153\common\gfxcommon\release\a3dgfxsound.obj
c:\users\dominik\documents\github\pw-cliente-source-153\common\gfxcommon\release\a3dgfxsoundimp.obj
c:\users\dominik\documents\github\pw-cliente-source-153\common\gfxcommon\release\a3dgfxstreamman.obj
c:\users\dominik\documents\github\pw-cliente-source-153\common\gfxcommon\release\a3dgfxsurfacerender.obj
c:\users\dominik\documents\github\pw-cliente-source-153\common\gfxcommon\release\a3dgfxtexman.obj
c:\users\dominik\documents\github\pw-cliente-source-153\common\gfxcommon\release\a3dgriddecalex.obj
c:\users\dominik\documents\github\pw-cliente-source-153\common\gfxcommon\release\a3dltnbolt.obj
c:\users\dominik\documents\github\pw-cliente-source-153\common\gfxcommon\release\a3dltntrail.obj
c:\users\dominik\documents\github\pw-cliente-source-153\common\gfxcommon\release\a3dmodelphysics.obj
c:\users\dominik\documents\github\pw-cliente-source-153\common\gfxcommon\release\a3dmodelphyssync.obj
c:\users\dominik\documents\github\pw-cliente-source-153\common\gfxcommon\release\a3dmodelphyssyncdata.obj
c:\users\dominik\documents\github\pw-cliente-source-153\common\gfxcommon\release\a3dmultiplaneemitter.obj
c:\users\dominik\documents\github\pw-cliente-source-153\common\gfxcommon\release\a3dparaboloid.obj
c:\users\dominik\documents\github\pw-cliente-source-153\common\gfxcommon\release\a3dparticleemitter.obj
c:\users\dominik\documents\github\pw-cliente-source-153\common\gfxcommon\release\a3dparticlesystemex.obj
c:\users\dominik\documents\github\pw-cliente-source-153\common\gfxcommon\release\a3dphysactor.obj
c:\users\dominik\documents\github\pw-cliente-source-153\common\gfxcommon\release\a3dphyselement.obj
c:\users\dominik\documents\github\pw-cliente-source-153\common\gfxcommon\release\a3dphysemitter.obj
c:\users\dominik\documents\github\pw-cliente-source-153\common\gfxcommon\release\a3dphysfluidemitter.obj
c:\users\dominik\documents\github\pw-cliente-source-153\common\gfxcommon\release\a3dphysfluidsyncdata.obj
c:\users\dominik\documents\github\pw-cliente-source-153\common\gfxcommon\release\a3dphyspointemitter.obj
c:\users\dominik\documents\github\pw-cliente-source-153\common\gfxcommon\release\a3dphysrbcreator.obj
c:\users\dominik\documents\github\pw-cliente-source-153\common\gfxcommon\release\a3dpointemitter.obj
c:\users\dominik\documents\github\pw-cliente-source-153\common\gfxcommon\release\a3dribbon.obj
c:\users\dominik\documents\github\pw-cliente-source-153\common\gfxcommon\release\a3dskillgfxcomposer.obj
c:\users\dominik\documents\github\pw-cliente-source-153\common\gfxcommon\release\a3dskillgfxevent.obj
c:\users\dominik\documents\github\pw-cliente-source-153\common\gfxcommon\release\a3dskinphyssync.obj
c:\users\dominik\documents\github\pw-cliente-source-153\common\gfxcommon\release\a3dskinphyssyncdata.obj
c:\users\dominik\documents\github\pw-cliente-source-153\common\gfxcommon\release\a3dtrail.obj
c:\users\dominik\documents\github\pw-cliente-source-153\common\gfxcommon\release\base64.obj
c:\users\dominik\documents\github\pw-cliente-source-153\common\gfxcommon\release\ec_camerakeypoint.obj
c:\users\dominik\documents\github\pw-cliente-source-153\common\gfxcommon\release\ec_model.obj
c:\users\dominik\documents\github\pw-cliente-source-153\common\gfxcommon\release\ec_modelhook.obj
c:\users\dominik\documents\github\pw-cliente-source-153\common\gfxcommon\release\ec_modellua.obj
c:\users\dominik\documents\github\pw-cliente-source-153\common\gfxcommon\release\ec_modelman.obj
c:\users\dominik\documents\github\pw-cliente-source-153\common\gfxcommon\release\ec_modelshell.obj
c:\users\dominik\documents\github\pw-cliente-source-153\common\gfxcommon\release\fx_binding.obj
c:\users\dominik\documents\github\pw-cliente-source-153\common\gfxcommon\release\gfxeditorutil.obj
c:\users\dominik\documents\github\pw-cliente-source-153\common\gfxcommon\release\randstringcontainer.obj
c:\users\dominik\documents\github\pw-cliente-source-153\common\gfxcommon\release\stdafx.obj
c:\users\dominik\documents\github\pw-cliente-source-153\common\gfxcommon\release\traillist.obj
c:\users\dominik\documents\github\pw-cliente-source-153\common\gfxcommon\release\gfxcommon_na.pch
c:\users\dominik\documents\github\pw-cliente-source-153\common\gfxcommon\release\vc80.idb
