c:\users\dominik\documents\github\pw-cliente-source-153\element\celementclient\x64\release\vc143.pdb
c:\users\dominik\documents\github\pw-cliente-source-153\element\celementclient\x64\release\base64.obj
c:\users\dominik\documents\github\pw-cliente-source-153\element\celementclient\x64\release\socket_helper.obj
c:\users\dominik\documents\github\pw-cliente-source-153\element\celementclient\x64\release\pwacp.obj
c:\users\dominik\documents\github\pw-cliente-source-153\element\celementclient\x64\release\imagechecker.obj
c:\users\dominik\documents\github\pw-cliente-source-153\element\celementclient\x64\release\dlgautoindoorplant.obj
c:\users\dominik\documents\github\pw-cliente-source-153\element\celementclient\x64\release\dlgautoindoorfurniture.obj
c:\users\dominik\documents\github\pw-cliente-source-153\element\celementclient\x64\release\dlgautogenlightmapprogress.obj
c:\users\dominik\documents\github\pw-cliente-source-153\element\celementclient\x64\release\dlgautoctrleditarea.obj
c:\users\dominik\documents\github\pw-cliente-source-153\element\celementclient\x64\release\dlgautoctrl.obj
c:\users\dominik\documents\github\pw-cliente-source-153\element\celementclient\x64\release\dlgautochoosetexture.obj
c:\users\dominik\documents\github\pw-cliente-source-153\element\celementclient\x64\release\dlgautochooselight.obj
c:\users\dominik\documents\github\pw-cliente-source-153\element\celementclient\x64\release\dlgautochoosecolor.obj
c:\users\dominik\documents\github\pw-cliente-source-153\element\celementclient\x64\release\dlgautocamera.obj
c:\users\dominik\documents\github\pw-cliente-source-153\element\celementclient\x64\release\dlgautobasewater.obj
c:\users\dominik\documents\github\pw-cliente-source-153\element\celementclient\x64\release\dlgautobaseterrain.obj
c:\users\dominik\documents\github\pw-cliente-source-153\element\celementclient\x64\release\dlgautobaseroad.obj
c:\users\dominik\documents\github\pw-cliente-source-153\element\celementclient\x64\release\dlgautobasemountain2.obj
c:\users\dominik\documents\github\pw-cliente-source-153\element\celementclient\x64\release\dlgautobasemountain.obj
c:\users\dominik\documents\github\pw-cliente-source-153\element\celementclient\x64\release\dlgautobaselocaltex.obj
c:\users\dominik\documents\github\pw-cliente-source-153\element\celementclient\x64\release\dlgautoallres.obj
c:\users\dominik\documents\github\pw-cliente-source-153\element\celementclient\x64\release\dlgautoterrain.obj
c:\users\dominik\documents\github\pw-cliente-source-153\element\celementclient\x64\release\dlgautoswitchdlg.obj
c:\users\dominik\documents\github\pw-cliente-source-153\element\celementclient\x64\release\dlgautoroad.obj
c:\users\dominik\documents\github\pw-cliente-source-153\element\celementclient\x64\release\dlgautooutdoortree.obj
c:\users\dominik\documents\github\pw-cliente-source-153\element\celementclient\x64\release\dlgautooutdoorotherobject.obj
c:\users\dominik\documents\github\pw-cliente-source-153\element\celementclient\x64\release\dlgautooutdoorgrass.obj
c:\users\dominik\documents\github\pw-cliente-source-153\element\celementclient\x64\release\dlgautooutdoorbuilding.obj
c:\users\dominik\documents\github\pw-cliente-source-153\element\celementclient\x64\release\dlgautonote2.obj
c:\users\dominik\documents\github\pw-cliente-source-153\element\celementclient\x64\release\dlgautonote.obj
c:\users\dominik\documents\github\pw-cliente-source-153\element\celementclient\x64\release\dlgautomountain2.obj
c:\users\dominik\documents\github\pw-cliente-source-153\element\celementclient\x64\release\dlgautomountain.obj
c:\users\dominik\documents\github\pw-cliente-source-153\element\celementclient\x64\release\dlgautolocaltexture.obj
c:\users\dominik\documents\github\pw-cliente-source-153\element\celementclient\x64\release\dlgautolight.obj
c:\users\dominik\documents\github\pw-cliente-source-153\element\celementclient\x64\release\dlgautoleveloff.obj
c:\users\dominik\documents\github\pw-cliente-source-153\element\celementclient\x64\release\dlgautoindoorvirtu.obj
c:\users\dominik\documents\github\pw-cliente-source-153\element\celementclient\x64\release\dlgautoindoortoy.obj
c:\users\dominik\documents\github\pw-cliente-source-153\element\celementclient\x64\release\dlgautowater.obj
c:\users\dominik\documents\github\pw-cliente-source-153\element\celementclient\x64\release\dlgautotools.obj
c:\users\dominik\documents\github\pw-cliente-source-153\element\celementclient\x64\release\dlgcustomizeeyebrow.obj
c:\users\dominik\documents\github\pw-cliente-source-153\element\celementclient\x64\release\dlgcustomizechspre.obj
c:\users\dominik\documents\github\pw-cliente-source-153\element\celementclient\x64\release\dlgfactionpvpstatus.obj
c:\users\dominik\documents\github\pw-cliente-source-153\element\celementclient\x64\release\dlgfactionpvprank.obj
c:\users\dominik\documents\github\pw-cliente-source-153\element\celementclient\x64\release\dlghomebase.obj
c:\users\dominik\documents\github\pw-cliente-source-153\element\celementclient\x64\release\dlgskill.obj
c:\users\dominik\documents\github\pw-cliente-source-153\element\celementclient\x64\release\ec_factionpvp.obj
c:\users\dominik\documents\github\pw-cliente-source-153\element\celementclient\x64\release\ec_ease.obj
c:\users\dominik\documents\github\pw-cliente-source-153\element\celementclient\x64\release\ec_homedlgsmgr.obj
c:\users\dominik\documents\github\pw-cliente-source-153\element\celementclient\x64\release\ec_time.obj
c:\users\dominik\documents\github\pw-cliente-source-153\element\celementclient\x64\release\ec_winapi.obj
c:\users\dominik\documents\github\pw-cliente-source-153\element\celementclient\x64\release\msgtransfun.obj
c:\users\dominik\documents\github\pw-cliente-source-153\element\celementclient\x64\release\perlinnoise2d.obj
c:\users\dominik\documents\github\pw-cliente-source-153\element\celementclient\x64\release\sha256.obj
c:\users\dominik\documents\github\pw-cliente-source-153\element\celementclient\x64\release\elementclient.tlog\cl.command.1.tlog
c:\users\dominik\documents\github\pw-cliente-source-153\element\celementclient\x64\release\elementclient.tlog\cl.read.1.tlog
c:\users\dominik\documents\github\pw-cliente-source-153\element\celementclient\x64\release\elementclient.tlog\cl.write.1.tlog
