c:\users\dominik\documents\github\pw-cliente-source-153\common\afiledialog3\complier_2005\build\2.2\win32\afiledialog\unicode release\afiledialog.obj
c:\users\dominik\documents\github\pw-cliente-source-153\common\afiledialog3\complier_2005\build\2.2\win32\afiledialog\unicode release\afiledialog2.obj
c:\users\dominik\documents\github\pw-cliente-source-153\common\afiledialog3\complier_2005\build\2.2\win32\afiledialog\unicode release\afiledialogdll.obj
c:\users\dominik\documents\github\pw-cliente-source-153\common\afiledialog3\complier_2005\build\2.2\win32\afiledialog\unicode release\afiledialogwrapper.obj
c:\users\dominik\documents\github\pw-cliente-source-153\common\afiledialog3\complier_2005\build\2.2\win32\afiledialog\unicode release\afilegfxinterface.obj
c:\users\dominik\documents\github\pw-cliente-source-153\common\afiledialog3\complier_2005\build\2.2\win32\afiledialog\unicode release\afileimagewrapper.obj
c:\users\dominik\documents\github\pw-cliente-source-153\common\afiledialog3\complier_2005\build\2.2\win32\afiledialog\unicode release\afileitem.obj
c:\users\dominik\documents\github\pw-cliente-source-153\common\afiledialog3\complier_2005\build\2.2\win32\afiledialog\unicode release\afileitemtype.obj
c:\users\dominik\documents\github\pw-cliente-source-153\common\afiledialog3\complier_2005\build\2.2\win32\afiledialog\unicode release\afilepreview.obj
c:\users\dominik\documents\github\pw-cliente-source-153\common\afiledialog3\complier_2005\build\2.2\win32\afiledialog\unicode release\afilepreviewwnd.obj
c:\users\dominik\documents\github\pw-cliente-source-153\common\afiledialog3\complier_2005\build\2.2\win32\afiledialog\unicode release\afileskillgfxeventman.obj
c:\users\dominik\documents\github\pw-cliente-source-153\common\afiledialog3\complier_2005\build\2.2\win32\afiledialog\unicode release\aftaskplaysound.obj
c:\users\dominik\documents\github\pw-cliente-source-153\common\afiledialog3\complier_2005\build\2.2\win32\afiledialog\unicode release\aimagepreviewimpl.obj
c:\users\dominik\documents\github\pw-cliente-source-153\common\afiledialog3\complier_2005\build\2.2\win32\afiledialog\unicode release\aimagepreviewwrapper.obj
c:\users\dominik\documents\github\pw-cliente-source-153\common\afiledialog3\complier_2005\build\2.2\win32\afiledialog\unicode release\alistctrl.obj
c:\users\dominik\documents\github\pw-cliente-source-153\common\afiledialog3\complier_2005\build\2.2\win32\afiledialog\unicode release\alistctrl2.obj
c:\users\dominik\documents\github\pw-cliente-source-153\common\afiledialog3\complier_2005\build\2.2\win32\afiledialog\unicode release\asoundplayerimpl.obj
c:\users\dominik\documents\github\pw-cliente-source-153\common\afiledialog3\complier_2005\build\2.2\win32\afiledialog\unicode release\asoundplayerwrapper.obj
c:\users\dominik\documents\github\pw-cliente-source-153\common\afiledialog3\complier_2005\build\2.2\win32\afiledialog\unicode release\commonfiledlg.obj
c:\users\dominik\documents\github\pw-cliente-source-153\common\afiledialog3\complier_2005\build\2.2\win32\afiledialog\unicode release\commonfilename.obj
c:\users\dominik\documents\github\pw-cliente-source-153\common\afiledialog3\complier_2005\build\2.2\win32\afiledialog\unicode release\dynsizectrl.obj
c:\users\dominik\documents\github\pw-cliente-source-153\common\afiledialog3\complier_2005\build\2.2\win32\afiledialog\unicode release\ecmrenderitem.obj
c:\users\dominik\documents\github\pw-cliente-source-153\common\afiledialog3\complier_2005\build\2.2\win32\afiledialog\unicode release\gfxrenderitem.obj
c:\users\dominik\documents\github\pw-cliente-source-153\common\afiledialog3\complier_2005\build\2.2\win32\afiledialog\unicode release\iteminfo.obj
c:\users\dominik\documents\github\pw-cliente-source-153\common\afiledialog3\complier_2005\build\2.2\win32\afiledialog\unicode release\render.obj
c:\users\dominik\documents\github\pw-cliente-source-153\common\afiledialog3\complier_2005\build\2.2\win32\afiledialog\unicode release\renderable2dobject.obj
c:\users\dominik\documents\github\pw-cliente-source-153\common\afiledialog3\complier_2005\build\2.2\win32\afiledialog\unicode release\renderable3dobject.obj
c:\users\dominik\documents\github\pw-cliente-source-153\common\afiledialog3\complier_2005\build\2.2\win32\afiledialog\unicode release\renderableobject.obj
c:\users\dominik\documents\github\pw-cliente-source-153\common\afiledialog3\complier_2005\build\2.2\win32\afiledialog\unicode release\renderwnd.obj
c:\users\dominik\documents\github\pw-cliente-source-153\common\afiledialog3\complier_2005\build\2.2\win32\afiledialog\unicode release\smdrenderitem.obj
c:\users\dominik\documents\github\pw-cliente-source-153\common\afiledialog3\complier_2005\build\2.2\win32\afiledialog\unicode release\stdafx.obj
c:\users\dominik\documents\github\pw-cliente-source-153\common\afiledialog3\complier_2005\build\2.2\win32\afiledialog\unicode release\umdrenderitem.obj
c:\users\dominik\documents\github\pw-cliente-source-153\common\afiledialog3\complier_2005\build\2.2\win32\afiledialog\unicode release\umdsrenderitem.obj
c:\users\dominik\documents\github\pw-cliente-source-153\common\afiledialog3\complier_2005\build\2.2\win32\afiledialog\unicode release\afiledialog2_2_u.dll.intermediate.manifest
c:\users\dominik\documents\github\pw-cliente-source-153\common\afiledialog3\complier_2005\build\2.2\win32\afiledialog\unicode release\afiledialogdll.res
c:\users\dominik\documents\github\pw-cliente-source-153\common\afiledialog3\complier_2005\build\2.2\win32\afiledialog\unicode release\afiledialog2_2_u.pch
c:\users\dominik\documents\github\pw-cliente-source-153\common\afiledialog3\complier_2005\build\2.2\win32\afiledialog\unicode release\vc80_afd.idb
c:\users\dominik\documents\github\pw-cliente-source-153\common\afiledialog3\complier_2005\build\2.2\win32\afiledialog\unicode release\vc80_afd.pdb
