c:\users\dominik\documents\github\pw-cliente-source-153\common\chbasedcd\release2.2\2dgiftwrap.obj
c:\users\dominik\documents\github\pw-cliente-source-153\common\chbasedcd\release2.2\2dobstruct.obj
c:\users\dominik\documents\github\pw-cliente-source-153\common\chbasedcd\release2.2\aabbcd.obj
c:\users\dominik\documents\github\pw-cliente-source-153\common\chbasedcd\release2.2\bestfit.obj
c:\users\dominik\documents\github\pw-cliente-source-153\common\chbasedcd\release2.2\cdwithch.obj
c:\users\dominik\documents\github\pw-cliente-source-153\common\chbasedcd\release2.2\combgenerator.obj
c:\users\dominik\documents\github\pw-cliente-source-153\common\chbasedcd\release2.2\convexhullalgorithm.obj
c:\users\dominik\documents\github\pw-cliente-source-153\common\chbasedcd\release2.2\convexhullarchive.obj
c:\users\dominik\documents\github\pw-cliente-source-153\common\chbasedcd\release2.2\convexhulldata.obj
c:\users\dominik\documents\github\pw-cliente-source-153\common\chbasedcd\release2.2\convexpolytope.obj
c:\users\dominik\documents\github\pw-cliente-source-153\common\chbasedcd\release2.2\edgestack.obj
c:\users\dominik\documents\github\pw-cliente-source-153\common\chbasedcd\release2.2\face.obj
c:\users\dominik\documents\github\pw-cliente-source-153\common\chbasedcd\release2.2\giftwrap.obj
c:\users\dominik\documents\github\pw-cliente-source-153\common\chbasedcd\release2.2\halfspace.obj
c:\users\dominik\documents\github\pw-cliente-source-153\common\chbasedcd\release2.2\lequations.obj
c:\users\dominik\documents\github\pw-cliente-source-153\common\chbasedcd\release2.2\matrix.obj
c:\users\dominik\documents\github\pw-cliente-source-153\common\chbasedcd\release2.2\patch.obj
c:\users\dominik\documents\github\pw-cliente-source-153\common\chbasedcd\release2.2\rightprism.obj
c:\users\dominik\documents\github\pw-cliente-source-153\common\chbasedcd\release2.2\vc80.idb
c:\users\dominik\documents\github\pw-cliente-source-153\common\chbasedcd\release2.2\chbasedcd.lib
