c:\users\dominik\documents\github\pw-cliente-source-153\common\propdlg3\win32\2.2\unicode release\aobject.obj
c:\users\dominik\documents\github\pw-cliente-source-153\common\propdlg3\win32\2.2\unicode release\aproperty.obj
c:\users\dominik\documents\github\pw-cliente-source-153\common\propdlg3\win32\2.2\unicode release\avariant.obj
c:\users\dominik\documents\github\pw-cliente-source-153\common\propdlg3\win32\2.2\unicode release\colorgrid.obj
c:\users\dominik\documents\github\pw-cliente-source-153\common\propdlg3\win32\2.2\unicode release\colorpickerdlg.obj
c:\users\dominik\documents\github\pw-cliente-source-153\common\propdlg3\win32\2.2\unicode release\common.obj
c:\users\dominik\documents\github\pw-cliente-source-153\common\propdlg3\win32\2.2\unicode release\customcolordialog.obj
c:\users\dominik\documents\github\pw-cliente-source-153\common\propdlg3\win32\2.2\unicode release\customvectordlg.obj
c:\users\dominik\documents\github\pw-cliente-source-153\common\propdlg3\win32\2.2\unicode release\dib.obj
c:\users\dominik\documents\github\pw-cliente-source-153\common\propdlg3\win32\2.2\unicode release\memoeditdlg.obj
c:\users\dominik\documents\github\pw-cliente-source-153\common\propdlg3\win32\2.2\unicode release\propertybooleanbox.obj
c:\users\dominik\documents\github\pw-cliente-source-153\common\propdlg3\win32\2.2\unicode release\propertybox.obj
c:\users\dominik\documents\github\pw-cliente-source-153\common\propdlg3\win32\2.2\unicode release\propertycolorbox.obj
c:\users\dominik\documents\github\pw-cliente-source-153\common\propdlg3\win32\2.2\unicode release\propertycustombox.obj
c:\users\dominik\documents\github\pw-cliente-source-153\common\propdlg3\win32\2.2\unicode release\propertydialog.obj
c:\users\dominik\documents\github\pw-cliente-source-153\common\propdlg3\win32\2.2\unicode release\propertydoublebox.obj
c:\users\dominik\documents\github\pw-cliente-source-153\common\propdlg3\win32\2.2\unicode release\propertyfilebox.obj
c:\users\dominik\documents\github\pw-cliente-source-153\common\propdlg3\win32\2.2\unicode release\propertyfloatbox.obj
c:\users\dominik\documents\github\pw-cliente-source-153\common\propdlg3\win32\2.2\unicode release\propertyfontbox.obj
c:\users\dominik\documents\github\pw-cliente-source-153\common\propdlg3\win32\2.2\unicode release\propertyidbox.obj
c:\users\dominik\documents\github\pw-cliente-source-153\common\propdlg3\win32\2.2\unicode release\propertyinteger64box.obj
c:\users\dominik\documents\github\pw-cliente-source-153\common\propdlg3\win32\2.2\unicode release\propertyintegerbox.obj
c:\users\dominik\documents\github\pw-cliente-source-153\common\propdlg3\win32\2.2\unicode release\propertyinterface.obj
c:\users\dominik\documents\github\pw-cliente-source-153\common\propdlg3\win32\2.2\unicode release\propertylist.obj
c:\users\dominik\documents\github\pw-cliente-source-153\common\propdlg3\win32\2.2\unicode release\propertymemobox.obj
c:\users\dominik\documents\github\pw-cliente-source-153\common\propdlg3\win32\2.2\unicode release\propertysliderbox.obj
c:\users\dominik\documents\github\pw-cliente-source-153\common\propdlg3\win32\2.2\unicode release\propertystringbox.obj
c:\users\dominik\documents\github\pw-cliente-source-153\common\propdlg3\win32\2.2\unicode release\propertyvectorbox.obj
c:\users\dominik\documents\github\pw-cliente-source-153\common\propdlg3\win32\2.2\unicode release\sliderdlg.obj
c:\users\dominik\documents\github\pw-cliente-source-153\common\propdlg3\win32\2.2\unicode release\stdafx.obj
c:\users\dominik\documents\github\pw-cliente-source-153\common\propdlg3\win32\2.2\unicode release\propdlg.res
c:\users\dominik\documents\github\pw-cliente-source-153\common\propdlg3\win32\2.2\unicode release\vc80.idb
