c:\users\dominik\documents\github\pw-cliente-source-153\common\aphysxintegration\compiler_vc8\build\aphysxengine\unicodereleasestaticlib\aphysxactordesc.obj
c:\users\dominik\documents\github\pw-cliente-source-153\common\aphysxintegration\compiler_vc8\build\aphysxengine\unicodereleasestaticlib\aphysxattacher.obj
c:\users\dominik\documents\github\pw-cliente-source-153\common\aphysxintegration\compiler_vc8\build\aphysxengine\unicodereleasestaticlib\aphysxattacherdesc.obj
c:\users\dominik\documents\github\pw-cliente-source-153\common\aphysxintegration\compiler_vc8\build\aphysxengine\unicodereleasestaticlib\aphysxboxshapedesc.obj
c:\users\dominik\documents\github\pw-cliente-source-153\common\aphysxintegration\compiler_vc8\build\aphysxengine\unicodereleasestaticlib\aphysxbreakablerbobject.obj
c:\users\dominik\documents\github\pw-cliente-source-153\common\aphysxintegration\compiler_vc8\build\aphysxengine\unicodereleasestaticlib\aphysxbreakablerbobjectdesc.obj
c:\users\dominik\documents\github\pw-cliente-source-153\common\aphysxintegration\compiler_vc8\build\aphysxengine\unicodereleasestaticlib\aphysxcapsuleshapedesc.obj
c:\users\dominik\documents\github\pw-cliente-source-153\common\aphysxintegration\compiler_vc8\build\aphysxengine\unicodereleasestaticlib\aphysxcharctrler.obj
c:\users\dominik\documents\github\pw-cliente-source-153\common\aphysxintegration\compiler_vc8\build\aphysxengine\unicodereleasestaticlib\aphysxcharctrlerassistance.obj
c:\users\dominik\documents\github\pw-cliente-source-153\common\aphysxintegration\compiler_vc8\build\aphysxengine\unicodereleasestaticlib\aphysxcharctrlercallbackagent.obj
c:\users\dominik\documents\github\pw-cliente-source-153\common\aphysxintegration\compiler_vc8\build\aphysxengine\unicodereleasestaticlib\aphysxcharctrlerdesc.obj
c:\users\dominik\documents\github\pw-cliente-source-153\common\aphysxintegration\compiler_vc8\build\aphysxengine\unicodereleasestaticlib\aphysxcharctrlerdynamic.obj
c:\users\dominik\documents\github\pw-cliente-source-153\common\aphysxintegration\compiler_vc8\build\aphysxengine\unicodereleasestaticlib\aphysxcharctrlerdynconfig.obj
c:\users\dominik\documents\github\pw-cliente-source-153\common\aphysxintegration\compiler_vc8\build\aphysxengine\unicodereleasestaticlib\aphysxcharctrlerlightweight.obj
c:\users\dominik\documents\github\pw-cliente-source-153\common\aphysxintegration\compiler_vc8\build\aphysxengine\unicodereleasestaticlib\aphysxcharctrlermanager.obj
c:\users\dominik\documents\github\pw-cliente-source-153\common\aphysxintegration\compiler_vc8\build\aphysxengine\unicodereleasestaticlib\aphysxcharctrlernx.obj
c:\users\dominik\documents\github\pw-cliente-source-153\common\aphysxintegration\compiler_vc8\build\aphysxengine\unicodereleasestaticlib\aphysxclothattacher.obj
c:\users\dominik\documents\github\pw-cliente-source-153\common\aphysxintegration\compiler_vc8\build\aphysxengine\unicodereleasestaticlib\aphysxclothattacherdesc.obj
c:\users\dominik\documents\github\pw-cliente-source-153\common\aphysxintegration\compiler_vc8\build\aphysxengine\unicodereleasestaticlib\aphysxclothattachrbconnector.obj
c:\users\dominik\documents\github\pw-cliente-source-153\common\aphysxintegration\compiler_vc8\build\aphysxengine\unicodereleasestaticlib\aphysxclothattachrbconnectordesc.obj
c:\users\dominik\documents\github\pw-cliente-source-153\common\aphysxintegration\compiler_vc8\build\aphysxengine\unicodereleasestaticlib\aphysxclothobject.obj
c:\users\dominik\documents\github\pw-cliente-source-153\common\aphysxintegration\compiler_vc8\build\aphysxengine\unicodereleasestaticlib\aphysxclothobjectdesc.obj
c:\users\dominik\documents\github\pw-cliente-source-153\common\aphysxintegration\compiler_vc8\build\aphysxengine\unicodereleasestaticlib\aphysxcollisionchannelmanager.obj
c:\users\dominik\documents\github\pw-cliente-source-153\common\aphysxintegration\compiler_vc8\build\aphysxengine\unicodereleasestaticlib\aphysxcompoundobject.obj
c:\users\dominik\documents\github\pw-cliente-source-153\common\aphysxintegration\compiler_vc8\build\aphysxengine\unicodereleasestaticlib\aphysxcompoundobjectdesc.obj
c:\users\dominik\documents\github\pw-cliente-source-153\common\aphysxintegration\compiler_vc8\build\aphysxengine\unicodereleasestaticlib\aphysxconvexshapedesc.obj
c:\users\dominik\documents\github\pw-cliente-source-153\common\aphysxintegration\compiler_vc8\build\aphysxengine\unicodereleasestaticlib\aphysxd6jointdesc.obj
c:\users\dominik\documents\github\pw-cliente-source-153\common\aphysxintegration\compiler_vc8\build\aphysxengine\unicodereleasestaticlib\aphysxdebugrenderer.obj
c:\users\dominik\documents\github\pw-cliente-source-153\common\aphysxintegration\compiler_vc8\build\aphysxengine\unicodereleasestaticlib\aphysxdistancejointdesc.obj
c:\users\dominik\documents\github\pw-cliente-source-153\common\aphysxintegration\compiler_vc8\build\aphysxengine\unicodereleasestaticlib\aphysxengine.obj
c:\users\dominik\documents\github\pw-cliente-source-153\common\aphysxintegration\compiler_vc8\build\aphysxengine\unicodereleasestaticlib\aphysxfluidemitterattacher.obj
c:\users\dominik\documents\github\pw-cliente-source-153\common\aphysxintegration\compiler_vc8\build\aphysxengine\unicodereleasestaticlib\aphysxfluidemitterattacherdesc.obj
c:\users\dominik\documents\github\pw-cliente-source-153\common\aphysxintegration\compiler_vc8\build\aphysxengine\unicodereleasestaticlib\aphysxfluidemitterattachrbconnector.obj
c:\users\dominik\documents\github\pw-cliente-source-153\common\aphysxintegration\compiler_vc8\build\aphysxengine\unicodereleasestaticlib\aphysxfluidemitterattachrbconnectordesc.obj
c:\users\dominik\documents\github\pw-cliente-source-153\common\aphysxintegration\compiler_vc8\build\aphysxengine\unicodereleasestaticlib\aphysxfluidobject.obj
c:\users\dominik\documents\github\pw-cliente-source-153\common\aphysxintegration\compiler_vc8\build\aphysxengine\unicodereleasestaticlib\aphysxfluidobjectdesc.obj
c:\users\dominik\documents\github\pw-cliente-source-153\common\aphysxintegration\compiler_vc8\build\aphysxengine\unicodereleasestaticlib\aphysxforcefieldobject.obj
c:\users\dominik\documents\github\pw-cliente-source-153\common\aphysxintegration\compiler_vc8\build\aphysxengine\unicodereleasestaticlib\aphysxforcefieldobjectdesc.obj
c:\users\dominik\documents\github\pw-cliente-source-153\common\aphysxintegration\compiler_vc8\build\aphysxengine\unicodereleasestaticlib\aphysxgraph.obj
c:\users\dominik\documents\github\pw-cliente-source-153\common\aphysxintegration\compiler_vc8\build\aphysxengine\unicodereleasestaticlib\aphysxheightfieldshapedesc.obj
c:\users\dominik\documents\github\pw-cliente-source-153\common\aphysxintegration\compiler_vc8\build\aphysxengine\unicodereleasestaticlib\aphysxjoint.obj
c:\users\dominik\documents\github\pw-cliente-source-153\common\aphysxintegration\compiler_vc8\build\aphysxengine\unicodereleasestaticlib\aphysxjointdesc.obj
c:\users\dominik\documents\github\pw-cliente-source-153\common\aphysxintegration\compiler_vc8\build\aphysxengine\unicodereleasestaticlib\aphysxmaterialdesc.obj
c:\users\dominik\documents\github\pw-cliente-source-153\common\aphysxintegration\compiler_vc8\build\aphysxengine\unicodereleasestaticlib\aphysxmeshcooker.obj
c:\users\dominik\documents\github\pw-cliente-source-153\common\aphysxintegration\compiler_vc8\build\aphysxengine\unicodereleasestaticlib\aphysxmeshdesc.obj
c:\users\dominik\documents\github\pw-cliente-source-153\common\aphysxintegration\compiler_vc8\build\aphysxengine\unicodereleasestaticlib\aphysxobject.obj
c:\users\dominik\documents\github\pw-cliente-source-153\common\aphysxintegration\compiler_vc8\build\aphysxengine\unicodereleasestaticlib\aphysxobjectconnector.obj
c:\users\dominik\documents\github\pw-cliente-source-153\common\aphysxintegration\compiler_vc8\build\aphysxengine\unicodereleasestaticlib\aphysxobjectconnectordesc.obj
c:\users\dominik\documents\github\pw-cliente-source-153\common\aphysxintegration\compiler_vc8\build\aphysxengine\unicodereleasestaticlib\aphysxobjectdesc.obj
c:\users\dominik\documents\github\pw-cliente-source-153\common\aphysxintegration\compiler_vc8\build\aphysxengine\unicodereleasestaticlib\aphysxobjectdescmanager.obj
c:\users\dominik\documents\github\pw-cliente-source-153\common\aphysxintegration\compiler_vc8\build\aphysxengine\unicodereleasestaticlib\aphysxperfstats.obj
c:\users\dominik\documents\github\pw-cliente-source-153\common\aphysxintegration\compiler_vc8\build\aphysxengine\unicodereleasestaticlib\aphysxpicker.obj
c:\users\dominik\documents\github\pw-cliente-source-153\common\aphysxintegration\compiler_vc8\build\aphysxengine\unicodereleasestaticlib\aphysxplaneshapedesc.obj
c:\users\dominik\documents\github\pw-cliente-source-153\common\aphysxintegration\compiler_vc8\build\aphysxengine\unicodereleasestaticlib\aphysxpulleyjointdesc.obj
c:\users\dominik\documents\github\pw-cliente-source-153\common\aphysxintegration\compiler_vc8\build\aphysxengine\unicodereleasestaticlib\aphysxrbattacherdesc.obj
c:\users\dominik\documents\github\pw-cliente-source-153\common\aphysxintegration\compiler_vc8\build\aphysxengine\unicodereleasestaticlib\aphysxregistryhack.obj
c:\users\dominik\documents\github\pw-cliente-source-153\common\aphysxintegration\compiler_vc8\build\aphysxengine\unicodereleasestaticlib\aphysxrevolutejointdesc.obj
c:\users\dominik\documents\github\pw-cliente-source-153\common\aphysxintegration\compiler_vc8\build\aphysxengine\unicodereleasestaticlib\aphysxrigidbodyobject.obj
c:\users\dominik\documents\github\pw-cliente-source-153\common\aphysxintegration\compiler_vc8\build\aphysxengine\unicodereleasestaticlib\aphysxrigidbodyobjectdesc.obj
c:\users\dominik\documents\github\pw-cliente-source-153\common\aphysxintegration\compiler_vc8\build\aphysxengine\unicodereleasestaticlib\aphysxscene.obj
c:\users\dominik\documents\github\pw-cliente-source-153\common\aphysxintegration\compiler_vc8\build\aphysxengine\unicodereleasestaticlib\aphysxserializerbase.obj
c:\users\dominik\documents\github\pw-cliente-source-153\common\aphysxintegration\compiler_vc8\build\aphysxengine\unicodereleasestaticlib\aphysxshapedesc.obj
c:\users\dominik\documents\github\pw-cliente-source-153\common\aphysxintegration\compiler_vc8\build\aphysxengine\unicodereleasestaticlib\aphysxshapedescmanager.obj
c:\users\dominik\documents\github\pw-cliente-source-153\common\aphysxintegration\compiler_vc8\build\aphysxengine\unicodereleasestaticlib\aphysxskeletonrbobject.obj
c:\users\dominik\documents\github\pw-cliente-source-153\common\aphysxintegration\compiler_vc8\build\aphysxengine\unicodereleasestaticlib\aphysxsphereshapedesc.obj
c:\users\dominik\documents\github\pw-cliente-source-153\common\aphysxintegration\compiler_vc8\build\aphysxengine\unicodereleasestaticlib\aphysxsphericaljointdesc.obj
c:\users\dominik\documents\github\pw-cliente-source-153\common\aphysxintegration\compiler_vc8\build\aphysxengine\unicodereleasestaticlib\aphysxstdafx.obj
c:\users\dominik\documents\github\pw-cliente-source-153\common\aphysxintegration\compiler_vc8\build\aphysxengine\unicodereleasestaticlib\aphysxstream.obj
c:\users\dominik\documents\github\pw-cliente-source-153\common\aphysxintegration\compiler_vc8\build\aphysxengine\unicodereleasestaticlib\aphysxstringmanager.obj
c:\users\dominik\documents\github\pw-cliente-source-153\common\aphysxintegration\compiler_vc8\build\aphysxengine\unicodereleasestaticlib\aphysxterrain.obj
c:\users\dominik\documents\github\pw-cliente-source-153\common\aphysxintegration\compiler_vc8\build\aphysxengine\unicodereleasestaticlib\aphysxterrainblock.obj
c:\users\dominik\documents\github\pw-cliente-source-153\common\aphysxintegration\compiler_vc8\build\aphysxengine\unicodereleasestaticlib\aphysxterrainpatchrbobject.obj
c:\users\dominik\documents\github\pw-cliente-source-153\common\aphysxintegration\compiler_vc8\build\aphysxengine\unicodereleasestaticlib\aphysxterrainquadmanager.obj
c:\users\dominik\documents\github\pw-cliente-source-153\common\aphysxintegration\compiler_vc8\build\aphysxengine\unicodereleasestaticlib\aphysxusercallback.obj
c:\users\dominik\documents\github\pw-cliente-source-153\common\aphysxintegration\compiler_vc8\build\aphysxengine\unicodereleasestaticlib\aphysxutillib.obj
c:\users\dominik\documents\github\pw-cliente-source-153\common\aphysxintegration\compiler_vc8\build\aphysxengine\unicodereleasestaticlib\overlapdetector.obj
c:\users\dominik\documents\github\pw-cliente-source-153\common\aphysxintegration\compiler_vc8\build\aphysxengine\unicodereleasestaticlib\physxbenchmark.obj
c:\users\dominik\documents\github\pw-cliente-source-153\common\aphysxintegration\compiler_vc8\build\aphysxengine\unicodereleasestaticlib\stream.obj
c:\users\dominik\documents\github\pw-cliente-source-153\common\aphysxintegration\compiler_vc8\build\aphysxengine\unicodereleasestaticlib\aphysxengine.pch
c:\users\dominik\documents\github\pw-cliente-source-153\common\aphysxintegration\compiler_vc8\build\aphysxengine\unicodereleasestaticlib\vc80.idb
