c:\users\dominik\documents\github\pw-cliente-source-153\common\audioengine\audioengine\win32\2.2\release\faudio.obj
c:\users\dominik\documents\github\pw-cliente-source-153\common\audioengine\audioengine\win32\2.2\release\faudiobank.obj
c:\users\dominik\documents\github\pw-cliente-source-153\common\audioengine\audioengine\win32\2.2\release\faudiobankarchive.obj
c:\users\dominik\documents\github\pw-cliente-source-153\common\audioengine\audioengine\win32\2.2\release\faudiocontainer.obj
c:\users\dominik\documents\github\pw-cliente-source-153\common\audioengine\audioengine\win32\2.2\release\faudioengine.obj
c:\users\dominik\documents\github\pw-cliente-source-153\common\audioengine\audioengine\win32\2.2\release\faudiogroup.obj
c:\users\dominik\documents\github\pw-cliente-source-153\common\audioengine\audioengine\win32\2.2\release\faudioinstance.obj
c:\users\dominik\documents\github\pw-cliente-source-153\common\audioengine\audioengine\win32\2.2\release\faudioinstancemanager.obj
c:\users\dominik\documents\github\pw-cliente-source-153\common\audioengine\audioengine\win32\2.2\release\faudiomanager.obj
c:\users\dominik\documents\github\pw-cliente-source-153\common\audioengine\audioengine\win32\2.2\release\faudiotemplate.obj
c:\users\dominik\documents\github\pw-cliente-source-153\common\audioengine\audioengine\win32\2.2\release\fcriticalsectionwrapper.obj
c:\users\dominik\documents\github\pw-cliente-source-153\common\audioengine\audioengine\win32\2.2\release\fcurve.obj
c:\users\dominik\documents\github\pw-cliente-source-153\common\audioengine\audioengine\win32\2.2\release\feffect.obj
c:\users\dominik\documents\github\pw-cliente-source-153\common\audioengine\audioengine\win32\2.2\release\feffectfactory.obj
c:\users\dominik\documents\github\pw-cliente-source-153\common\audioengine\audioengine\win32\2.2\release\fevent.obj
c:\users\dominik\documents\github\pw-cliente-source-153\common\audioengine\audioengine\win32\2.2\release\feventgroup.obj
c:\users\dominik\documents\github\pw-cliente-source-153\common\audioengine\audioengine\win32\2.2\release\feventinstance.obj
c:\users\dominik\documents\github\pw-cliente-source-153\common\audioengine\audioengine\win32\2.2\release\feventlayer.obj
c:\users\dominik\documents\github\pw-cliente-source-153\common\audioengine\audioengine\win32\2.2\release\feventlayerinstance.obj
c:\users\dominik\documents\github\pw-cliente-source-153\common\audioengine\audioengine\win32\2.2\release\feventmanager.obj
c:\users\dominik\documents\github\pw-cliente-source-153\common\audioengine\audioengine\win32\2.2\release\feventparameter.obj
c:\users\dominik\documents\github\pw-cliente-source-153\common\audioengine\audioengine\win32\2.2\release\feventproject.obj
c:\users\dominik\documents\github\pw-cliente-source-153\common\audioengine\audioengine\win32\2.2\release\feventsystem.obj
c:\users\dominik\documents\github\pw-cliente-source-153\common\audioengine\audioengine\win32\2.2\release\fguid.obj
c:\users\dominik\documents\github\pw-cliente-source-153\common\audioengine\audioengine\win32\2.2\release\fintervalmanager.obj
c:\users\dominik\documents\github\pw-cliente-source-153\common\audioengine\audioengine\win32\2.2\release\flog.obj
c:\users\dominik\documents\github\pw-cliente-source-153\common\audioengine\audioengine\win32\2.2\release\flogmanager.obj
c:\users\dominik\documents\github\pw-cliente-source-153\common\audioengine\audioengine\win32\2.2\release\fpropcurves.obj
c:\users\dominik\documents\github\pw-cliente-source-153\common\audioengine\audioengine\win32\2.2\release\freverb.obj
c:\users\dominik\documents\github\pw-cliente-source-153\common\audioengine\audioengine\win32\2.2\release\freverbdatamanager.obj
c:\users\dominik\documents\github\pw-cliente-source-153\common\audioengine\audioengine\win32\2.2\release\fsounddef.obj
c:\users\dominik\documents\github\pw-cliente-source-153\common\audioengine\audioengine\win32\2.2\release\fsounddefarchive.obj
c:\users\dominik\documents\github\pw-cliente-source-153\common\audioengine\audioengine\win32\2.2\release\fsounddefmanager.obj
c:\users\dominik\documents\github\pw-cliente-source-153\common\audioengine\audioengine\win32\2.2\release\fsoundinstance.obj
c:\users\dominik\documents\github\pw-cliente-source-153\common\audioengine\audioengine\win32\2.2\release\fsoundinstancetemplate.obj
c:\users\dominik\documents\github\pw-cliente-source-153\common\audioengine\audioengine\win32\2.2\release\fsoundplaylist.obj
c:\users\dominik\documents\github\pw-cliente-source-153\common\audioengine\audioengine\win32\2.2\release\tinystr.obj
c:\users\dominik\documents\github\pw-cliente-source-153\common\audioengine\audioengine\win32\2.2\release\tinyxml.obj
c:\users\dominik\documents\github\pw-cliente-source-153\common\audioengine\audioengine\win32\2.2\release\tinyxmlerror.obj
c:\users\dominik\documents\github\pw-cliente-source-153\common\audioengine\audioengine\win32\2.2\release\tinyxmlparser.obj
c:\users\dominik\documents\github\pw-cliente-source-153\common\audioengine\audioengine\win32\2.2\release\vc80.idb
c:\users\dominik\documents\github\pw-cliente-source-153\common\audioengine\audioengine\win32\2.2\release\vc80.pdb
