c:\users\dominik\documents\github\pw-cliente-source-153\common\auinterface2\editor unicode release\a2ddotline.obj
c:\users\dominik\documents\github\pw-cliente-source-153\common\auinterface2\editor unicode release\a2ddotlineman.obj
c:\users\dominik\documents\github\pw-cliente-source-153\common\auinterface2\editor unicode release\a3dalterableskinmodel.obj
c:\users\dominik\documents\github\pw-cliente-source-153\common\auinterface2\editor unicode release\a3dftfont.obj
c:\users\dominik\documents\github\pw-cliente-source-153\common\auinterface2\editor unicode release\a3dftfontman.obj
c:\users\dominik\documents\github\pw-cliente-source-153\common\auinterface2\editor unicode release\astringwithwildcard.obj
c:\users\dominik\documents\github\pw-cliente-source-153\common\auinterface2\editor unicode release\aui.obj
c:\users\dominik\documents\github\pw-cliente-source-153\common\auinterface2\editor unicode release\auicheckbox.obj
c:\users\dominik\documents\github\pw-cliente-source-153\common\auinterface2\editor unicode release\auiclockicon.obj
c:\users\dominik\documents\github\pw-cliente-source-153\common\auinterface2\editor unicode release\auicombobox.obj
c:\users\dominik\documents\github\pw-cliente-source-153\common\auinterface2\editor unicode release\auicommon.obj
c:\users\dominik\documents\github\pw-cliente-source-153\common\auinterface2\editor unicode release\auiconsole.obj
c:\users\dominik\documents\github\pw-cliente-source-153\common\auinterface2\editor unicode release\auictranslate.obj
c:\users\dominik\documents\github\pw-cliente-source-153\common\auinterface2\editor unicode release\auicustomize.obj
c:\users\dominik\documents\github\pw-cliente-source-153\common\auinterface2\editor unicode release\auidialog.obj
c:\users\dominik\documents\github\pw-cliente-source-153\common\auinterface2\editor unicode release\auieditbox.obj
c:\users\dominik\documents\github\pw-cliente-source-153\common\auinterface2\editor unicode release\auiframe.obj
c:\users\dominik\documents\github\pw-cliente-source-153\common\auinterface2\editor unicode release\auiimagepicture.obj
c:\users\dominik\documents\github\pw-cliente-source-153\common\auinterface2\editor unicode release\auiimehook.obj
c:\users\dominik\documents\github\pw-cliente-source-153\common\auinterface2\editor unicode release\auilabel.obj
c:\users\dominik\documents\github\pw-cliente-source-153\common\auinterface2\editor unicode release\auilistbox.obj
c:\users\dominik\documents\github\pw-cliente-source-153\common\auinterface2\editor unicode release\auiluadialog.obj
c:\users\dominik\documents\github\pw-cliente-source-153\common\auinterface2\editor unicode release\auiluamanager.obj
c:\users\dominik\documents\github\pw-cliente-source-153\common\auinterface2\editor unicode release\auimanager.obj
c:\users\dominik\documents\github\pw-cliente-source-153\common\auinterface2\editor unicode release\auimodelpicture.obj
c:\users\dominik\documents\github\pw-cliente-source-153\common\auinterface2\editor unicode release\auiobject.obj
c:\users\dominik\documents\github\pw-cliente-source-153\common\auinterface2\editor unicode release\auiobjecttemplatemanager.obj
c:\users\dominik\documents\github\pw-cliente-source-153\common\auinterface2\editor unicode release\auipicture.obj
c:\users\dominik\documents\github\pw-cliente-source-153\common\auinterface2\editor unicode release\auiprogress.obj
c:\users\dominik\documents\github\pw-cliente-source-153\common\auinterface2\editor unicode release\auiradiobutton.obj
c:\users\dominik\documents\github\pw-cliente-source-153\common\auinterface2\editor unicode release\auiscroll.obj
c:\users\dominik\documents\github\pw-cliente-source-153\common\auinterface2\editor unicode release\auislider.obj
c:\users\dominik\documents\github\pw-cliente-source-153\common\auinterface2\editor unicode release\auistillimagebutton.obj
c:\users\dominik\documents\github\pw-cliente-source-153\common\auinterface2\editor unicode release\auisubdialog.obj
c:\users\dominik\documents\github\pw-cliente-source-153\common\auinterface2\editor unicode release\auitag.obj
c:\users\dominik\documents\github\pw-cliente-source-153\common\auinterface2\editor unicode release\auitextarea.obj
c:\users\dominik\documents\github\pw-cliente-source-153\common\auinterface2\editor unicode release\auitreeview.obj
c:\users\dominik\documents\github\pw-cliente-source-153\common\auinterface2\editor unicode release\auiverticaltext.obj
c:\users\dominik\documents\github\pw-cliente-source-153\common\auinterface2\editor unicode release\auiwindowpicture.obj
c:\users\dominik\documents\github\pw-cliente-source-153\common\auinterface2\editor unicode release\axmlfile.obj
c:\users\dominik\documents\github\pw-cliente-source-153\common\auinterface2\editor unicode release\csplit.obj
c:\users\dominik\documents\github\pw-cliente-source-153\common\auinterface2\editor unicode release\imeui.obj
c:\users\dominik\documents\github\pw-cliente-source-153\common\auinterface2\editor unicode release\imewrapper.obj
c:\users\dominik\documents\github\pw-cliente-source-153\common\auinterface2\editor unicode release\luadlgapi.obj
c:\users\dominik\documents\github\pw-cliente-source-153\common\auinterface2\editor unicode release\uirendertarget.obj
c:\users\dominik\documents\github\pw-cliente-source-153\common\auinterface2\editor unicode release\wndthreadmanager.obj
c:\users\dominik\documents\github\pw-cliente-source-153\common\auinterface2\editor unicode release\auinterface.pch
c:\users\dominik\documents\github\pw-cliente-source-153\common\auinterface2\editor unicode release\vc80.idb
c:\users\dominik\documents\github\pw-cliente-source-153\common\auinterface2\editor unicode release\vc80.pdb
c:\users\dominik\documents\github\pw-cliente-source-153\common\auinterface2\editor unicode release\auinterface.bsc
c:\users\dominik\documents\github\pw-cliente-source-153\common\auinterface2\editor unicode release\a2ddotline.sbr
c:\users\dominik\documents\github\pw-cliente-source-153\common\auinterface2\editor unicode release\a2ddotlineman.sbr
c:\users\dominik\documents\github\pw-cliente-source-153\common\auinterface2\editor unicode release\a3dalterableskinmodel.sbr
c:\users\dominik\documents\github\pw-cliente-source-153\common\auinterface2\editor unicode release\a3dftfont.sbr
c:\users\dominik\documents\github\pw-cliente-source-153\common\auinterface2\editor unicode release\a3dftfontman.sbr
c:\users\dominik\documents\github\pw-cliente-source-153\common\auinterface2\editor unicode release\astringwithwildcard.sbr
c:\users\dominik\documents\github\pw-cliente-source-153\common\auinterface2\editor unicode release\aui.sbr
c:\users\dominik\documents\github\pw-cliente-source-153\common\auinterface2\editor unicode release\auicheckbox.sbr
c:\users\dominik\documents\github\pw-cliente-source-153\common\auinterface2\editor unicode release\auiclockicon.sbr
c:\users\dominik\documents\github\pw-cliente-source-153\common\auinterface2\editor unicode release\auicombobox.sbr
c:\users\dominik\documents\github\pw-cliente-source-153\common\auinterface2\editor unicode release\auicommon.sbr
c:\users\dominik\documents\github\pw-cliente-source-153\common\auinterface2\editor unicode release\auiconsole.sbr
c:\users\dominik\documents\github\pw-cliente-source-153\common\auinterface2\editor unicode release\auictranslate.sbr
c:\users\dominik\documents\github\pw-cliente-source-153\common\auinterface2\editor unicode release\auicustomize.sbr
c:\users\dominik\documents\github\pw-cliente-source-153\common\auinterface2\editor unicode release\auidialog.sbr
c:\users\dominik\documents\github\pw-cliente-source-153\common\auinterface2\editor unicode release\auieditbox.sbr
c:\users\dominik\documents\github\pw-cliente-source-153\common\auinterface2\editor unicode release\auiframe.sbr
c:\users\dominik\documents\github\pw-cliente-source-153\common\auinterface2\editor unicode release\auiimagepicture.sbr
c:\users\dominik\documents\github\pw-cliente-source-153\common\auinterface2\editor unicode release\auiimehook.sbr
c:\users\dominik\documents\github\pw-cliente-source-153\common\auinterface2\editor unicode release\auilabel.sbr
c:\users\dominik\documents\github\pw-cliente-source-153\common\auinterface2\editor unicode release\auilistbox.sbr
c:\users\dominik\documents\github\pw-cliente-source-153\common\auinterface2\editor unicode release\auiluadialog.sbr
c:\users\dominik\documents\github\pw-cliente-source-153\common\auinterface2\editor unicode release\auiluamanager.sbr
c:\users\dominik\documents\github\pw-cliente-source-153\common\auinterface2\editor unicode release\auimanager.sbr
c:\users\dominik\documents\github\pw-cliente-source-153\common\auinterface2\editor unicode release\auimodelpicture.sbr
c:\users\dominik\documents\github\pw-cliente-source-153\common\auinterface2\editor unicode release\auiobject.sbr
c:\users\dominik\documents\github\pw-cliente-source-153\common\auinterface2\editor unicode release\auiobjecttemplatemanager.sbr
c:\users\dominik\documents\github\pw-cliente-source-153\common\auinterface2\editor unicode release\auipicture.sbr
c:\users\dominik\documents\github\pw-cliente-source-153\common\auinterface2\editor unicode release\auiprogress.sbr
c:\users\dominik\documents\github\pw-cliente-source-153\common\auinterface2\editor unicode release\auiradiobutton.sbr
c:\users\dominik\documents\github\pw-cliente-source-153\common\auinterface2\editor unicode release\auiscroll.sbr
c:\users\dominik\documents\github\pw-cliente-source-153\common\auinterface2\editor unicode release\auislider.sbr
c:\users\dominik\documents\github\pw-cliente-source-153\common\auinterface2\editor unicode release\auistillimagebutton.sbr
c:\users\dominik\documents\github\pw-cliente-source-153\common\auinterface2\editor unicode release\auisubdialog.sbr
c:\users\dominik\documents\github\pw-cliente-source-153\common\auinterface2\editor unicode release\auitag.sbr
c:\users\dominik\documents\github\pw-cliente-source-153\common\auinterface2\editor unicode release\auitextarea.sbr
c:\users\dominik\documents\github\pw-cliente-source-153\common\auinterface2\editor unicode release\auitreeview.sbr
c:\users\dominik\documents\github\pw-cliente-source-153\common\auinterface2\editor unicode release\auiverticaltext.sbr
c:\users\dominik\documents\github\pw-cliente-source-153\common\auinterface2\editor unicode release\auiwindowpicture.sbr
c:\users\dominik\documents\github\pw-cliente-source-153\common\auinterface2\editor unicode release\axmlfile.sbr
c:\users\dominik\documents\github\pw-cliente-source-153\common\auinterface2\editor unicode release\csplit.sbr
c:\users\dominik\documents\github\pw-cliente-source-153\common\auinterface2\editor unicode release\imeui.sbr
c:\users\dominik\documents\github\pw-cliente-source-153\common\auinterface2\editor unicode release\imewrapper.sbr
c:\users\dominik\documents\github\pw-cliente-source-153\common\auinterface2\editor unicode release\luadlgapi.sbr
c:\users\dominik\documents\github\pw-cliente-source-153\common\auinterface2\editor unicode release\uirendertarget.sbr
c:\users\dominik\documents\github\pw-cliente-source-153\common\auinterface2\editor unicode release\wndthreadmanager.sbr
